<?xml version="1.0" encoding="UTF-8"?>
<!-- Generated by org.testng.reporters.JUnitXMLReporter -->
<testsuite hostname="Amarendra" name="CTC-FISH Workflow for Global Cases" tests="46" failures="0" timestamp="27 Jun 2019 10:13:48 GMT" time="466.94" errors="0">
  <testcase name="LIMSLogin" time="22.818" classname="biocept.qa.testcases.CTCWorkflow"/>
  <testcase name="dashboard" time="0.126" classname="biocept.qa.testcases.CTCWorkflow"/>
  <testcase name="PlaceNewOrder" time="63.14" classname="biocept.qa.testcases.CTCWorkflow"/>
  <testcase name="PatientNameOnBarcodePage" time="18.636" classname="biocept.qa.testcases.CTCWorkflow"/>
  <testcase name="UploadAccessionImagesPageTitle" time="8.82" classname="biocept.qa.testcases.CTCWorkflow"/>
  <testcase name="MyWorklistTitle" time="7.837" classname="biocept.qa.testcases.CTCWorkflow"/>
  <testcase name="CTC_FISH_SummaryReport" time="0.002" classname="biocept.qa.testcases.CTCWorkflow"/>
  <testcase name="CTC_FISH_ScoreSheet" time="0.002" classname="biocept.qa.testcases.CTCWorkflow"/>
  <testcase name="CTC_FISH_SampleTraveler" time="0.002" classname="biocept.qa.testcases.CTCWorkflow"/>
  <testcase name="GenerateLongLabel" time="0.001" classname="biocept.qa.testcases.CTCWorkflow"/>
  <testcase name="GenerateSmallLabel" time="0.002" classname="biocept.qa.testcases.CTCWorkflow"/>
  <testcase name="GenerateMolecularLabel" time="0.001" classname="biocept.qa.testcases.CTCWorkflow"/>
  <testcase name="AccesstionType" time="0.783" classname="biocept.qa.testcases.CTCWorkflow"/>
  <testcase name="CellCepProcessingActivityTitle" time="5.536" classname="biocept.qa.testcases.CTCWorkflow"/>
  <testcase name="DownloadPlasmaCSV" time="0.022" classname="biocept.qa.testcases.CTCWorkflow"/>
  <testcase name="CellCepProcessing" time="8.57" classname="biocept.qa.testcases.CTCWorkflow"/>
  <testcase name="CellSepBatchingActivityTitle" time="7.61" classname="biocept.qa.testcases.CTCWorkflow"/>
  <testcase name="CellSepBatching" time="6.84" classname="biocept.qa.testcases.CTCWorkflow"/>
  <testcase name="MEMSProcessingActivityTitle" time="6.981" classname="biocept.qa.testcases.CTCWorkflow"/>
  <testcase name="MEMSProcessing" time="5.659" classname="biocept.qa.testcases.CTCWorkflow"/>
  <testcase name="MemsBatchingActivityTitle" time="9.395" classname="biocept.qa.testcases.CTCWorkflow"/>
  <testcase name="MemsBatching" time="5.191" classname="biocept.qa.testcases.CTCWorkflow"/>
  <testcase name="BioviewScanDataActivityTitle" time="7.725" classname="biocept.qa.testcases.CTCWorkflow"/>
  <testcase name="BioviewScanData" time="6.701" classname="biocept.qa.testcases.CTCWorkflow"/>
  <testcase name="EnumerationImageReviewActivityTitle" time="7.36" classname="biocept.qa.testcases.CTCWorkflow"/>
  <testcase name="EnumerationImageReview" time="19.064" classname="biocept.qa.testcases.CTCWorkflow"/>
  <testcase name="CTCICCResultsSummaryActivityTitle" time="7.266" classname="biocept.qa.testcases.CTCWorkflow"/>
  <testcase name="CTCICCResultsSummary" time="50.033" classname="biocept.qa.testcases.CTCWorkflow"/>
  <testcase name="FISHAutobatchedworklistActivityTitle" time="7.569" classname="biocept.qa.testcases.CTCWorkflow"/>
  <testcase name="FISHAutobatchedworklist" time="6.502" classname="biocept.qa.testcases.CTCWorkflow"/>
  <testcase name="FISHReloAnalysisActivityTitle" time="7.301" classname="biocept.qa.testcases.CTCWorkflow"/>
  <testcase name="FISHReloAnalysis" time="8.614" classname="biocept.qa.testcases.CTCWorkflow"/>
  <testcase name="FISHResultsSummaryActivityTitle" time="9.703" classname="biocept.qa.testcases.CTCWorkflow"/>
  <testcase name="FISHResultsSummary" time="28.424" classname="biocept.qa.testcases.CTCWorkflow"/>
  <testcase name="PIActivityTitle" time="8.991" classname="biocept.qa.testcases.CTCWorkflow"/>
  <testcase name="TechOnlyProfessionalInterpretation" time="5.7" classname="biocept.qa.testcases.CTCWorkflow"/>
  <testcase name="QAReportingWorklistTitle" time="5.076" classname="biocept.qa.testcases.CTCWorkflow"/>
  <testcase name="QAReportingWorklist" time="16.627" classname="biocept.qa.testcases.CTCWorkflow"/>
  <testcase name="FishBatchReviewApproveWorklistTitle" time="5.199" classname="biocept.qa.testcases.CTCWorkflow"/>
  <testcase name="FishReportSignoff_Batch" time="8.463" classname="biocept.qa.testcases.CTCWorkflow"/>
  <testcase name="CompletedWorklist" time="4.741" classname="biocept.qa.testcases.CTCWorkflow"/>
  <testcase name="ConfirmationPopupOnCompletedWorklist" time="3.5" classname="biocept.qa.testcases.CTCWorkflow"/>
  <testcase name="ActivityTitleAfterReOpen" time="29.239" classname="biocept.qa.testcases.CTCWorkflow"/>
  <testcase name="FishReviewApproveTitle" time="5.38" classname="biocept.qa.testcases.CTCWorkflow"/>
  <testcase name="ReportVersionSelectionPopUp" time="8.163" classname="biocept.qa.testcases.CTCWorkflow"/>
  <testcase name="SignoffTheReportForNewVersion" time="12.697" classname="biocept.qa.testcases.CTCWorkflow"/>
</testsuite> <!-- CTC-FISH Workflow for Global Cases -->
