<?xml version="1.0" encoding="UTF-8"?>
<!-- Generated by org.testng.reporters.JUnitXMLReporter -->
<testsuite hostname="Amarendra" name="CTC-FISH Workflow" tests="17" failures="0" timestamp="17 Jun 2019 12:53:19 GMT" time="358.882" errors="0">
  <testcase name="PlaceNewOrder" time="63.206" classname="biocept.qa.testcases.MolecularWorkflow"/>
  <testcase name="UploadMacroFile" time="5.452" classname="biocept.qa.testcases.MolecularWorkflow"/>
  <testcase name="BRAFResultingActivityTitle" time="76.089" classname="biocept.qa.testcases.MolecularWorkflow"/>
  <testcase name="BRAFResultingUpdateResult" time="5.438" classname="biocept.qa.testcases.MolecularWorkflow"/>
  <testcase name="KRASResultingActivityTitle" time="13.656" classname="biocept.qa.testcases.MolecularWorkflow"/>
  <testcase name="KRASResultingUpdateResult" time="8.014" classname="biocept.qa.testcases.MolecularWorkflow"/>
  <testcase name="UploadSequenceImages" time="17.393" classname="biocept.qa.testcases.MolecularWorkflow"/>
  <testcase name="BRAFSequencingActivityTitle" time="22.853" classname="biocept.qa.testcases.MolecularWorkflow"/>
  <testcase name="BRAFSequencingActivityResult" time="6.913" classname="biocept.qa.testcases.MolecularWorkflow"/>
  <testcase name="KRASSequencingActivityTitle" time="12.358" classname="biocept.qa.testcases.MolecularWorkflow"/>
  <testcase name="KRASSequencingActivityResult" time="6.996" classname="biocept.qa.testcases.MolecularWorkflow"/>
  <testcase name="BRAFPIActivityTitle" time="8.755" classname="biocept.qa.testcases.MolecularWorkflow"/>
  <testcase name="BRAFPIActivityResult" time="6.832" classname="biocept.qa.testcases.MolecularWorkflow"/>
  <testcase name="BRAFReportSignoff" time="46.087" classname="biocept.qa.testcases.MolecularWorkflow"/>
  <testcase name="KRASPIActivityTitle" time="4.702" classname="biocept.qa.testcases.MolecularWorkflow"/>
  <testcase name="KRASPIActivityResult" time="8.097" classname="biocept.qa.testcases.MolecularWorkflow"/>
  <testcase name="KRASReportSignoff" time="35.276" classname="biocept.qa.testcases.MolecularWorkflow"/>
</testsuite> <!-- CTC-FISH Workflow -->
