<?xml version="1.0" encoding="UTF-8"?>
<!-- Generated by org.testng.reporters.JUnitXMLReporter -->
<testsuite hostname="Anmolsingh" name="Molecular Workflow" tests="22" failures="0" timestamp="24 Jul 2019 10:28:50 GMT" time="326.292" errors="0">
  <testcase name="PlaceNewOrderForMolecular" time="54.409" classname="biocept.qa.testcases.MolecularWorkflow"/>
  <testcase name="UploadMacroFile" time="4.56" classname="biocept.qa.testcases.MolecularWorkflow"/>
  <testcase name="NRASResultingActivityTitle" time="53.557" classname="biocept.qa.testcases.MolecularWorkflow"/>
  <testcase name="NRASResultingUpdateResult" time="4.163" classname="biocept.qa.testcases.MolecularWorkflow"/>
  <testcase name="BRAFResultingActivityTitle" time="11.06" classname="biocept.qa.testcases.MolecularWorkflow"/>
  <testcase name="BRAFResultingUpdateResult" time="3.803" classname="biocept.qa.testcases.MolecularWorkflow"/>
  <testcase name="KRASResultingActivityTitle" time="11.62" classname="biocept.qa.testcases.MolecularWorkflow"/>
  <testcase name="KRASResultingUpdateResult" time="8.196" classname="biocept.qa.testcases.MolecularWorkflow"/>
  <testcase name="UploadSequenceImages" time="16.439" classname="biocept.qa.testcases.MolecularWorkflow"/>
  <testcase name="NRASPIActivityTitle" time="9.802" classname="biocept.qa.testcases.MolecularWorkflow"/>
  <testcase name="NRASPIActivityResult" time="8.424" classname="biocept.qa.testcases.MolecularWorkflow"/>
  <testcase name="NRASReportSignoff" time="20.797" classname="biocept.qa.testcases.MolecularWorkflow"/>
  <testcase name="BRAFSequencingActivityTitle" time="20.696" classname="biocept.qa.testcases.MolecularWorkflow"/>
  <testcase name="BRAFSequencingActivityResult" time="7.559" classname="biocept.qa.testcases.MolecularWorkflow"/>
  <testcase name="KRASSequencingActivityTitle" time="11.187" classname="biocept.qa.testcases.MolecularWorkflow"/>
  <testcase name="KRASSequencingActivityResult" time="7.032" classname="biocept.qa.testcases.MolecularWorkflow"/>
  <testcase name="BRAFPIActivityTitle" time="6.889" classname="biocept.qa.testcases.MolecularWorkflow"/>
  <testcase name="BRAFPIActivityResult" time="6.714" classname="biocept.qa.testcases.MolecularWorkflow"/>
  <testcase name="BRAFReportSignoff" time="22.362" classname="biocept.qa.testcases.MolecularWorkflow"/>
  <testcase name="KRASPIActivityTitle" time="4.897" classname="biocept.qa.testcases.MolecularWorkflow"/>
  <testcase name="KRASPIActivityResult" time="7.916" classname="biocept.qa.testcases.MolecularWorkflow"/>
  <testcase name="KRASReportSignoff" time="21.591" classname="biocept.qa.testcases.MolecularWorkflow"/>
</testsuite> <!-- Molecular Workflow -->
