<?xml version="1.0" encoding="UTF-8"?>
<!-- Generated by org.testng.reporters.JUnitXMLReporter -->
<testsuite hostname="Amarendra" name="Nolecular Workflow" tests="22" failures="0" timestamp="18 Jun 2019 18:42:47 GMT" time="391.647" errors="0">
  <testcase name="PlaceNewOrder" time="50.421" classname="biocept.qa.testcases.MolecularWorkflow"/>
  <testcase name="UploadMacroFile" time="5.34" classname="biocept.qa.testcases.MolecularWorkflow"/>
  <testcase name="NRASResultingActivityTitle" time="33.876" classname="biocept.qa.testcases.MolecularWorkflow"/>
  <testcase name="NRASResultingUpdateResult" time="4.007" classname="biocept.qa.testcases.MolecularWorkflow"/>
  <testcase name="BRAFResultingActivityTitle" time="11.47" classname="biocept.qa.testcases.MolecularWorkflow"/>
  <testcase name="BRAFResultingUpdateResult" time="4.502" classname="biocept.qa.testcases.MolecularWorkflow"/>
  <testcase name="KRASResultingActivityTitle" time="15.641" classname="biocept.qa.testcases.MolecularWorkflow"/>
  <testcase name="KRASResultingUpdateResult" time="7.528" classname="biocept.qa.testcases.MolecularWorkflow"/>
  <testcase name="UploadSequenceImages" time="18.211" classname="biocept.qa.testcases.MolecularWorkflow"/>
  <testcase name="NRASPIActivityTitle" time="9.887" classname="biocept.qa.testcases.MolecularWorkflow"/>
  <testcase name="NRASPIActivityResult" time="9.937" classname="biocept.qa.testcases.MolecularWorkflow"/>
  <testcase name="NRASReportSignoff" time="32.511" classname="biocept.qa.testcases.MolecularWorkflow"/>
  <testcase name="BRAFSequencingActivityTitle" time="36.806" classname="biocept.qa.testcases.MolecularWorkflow"/>
  <testcase name="BRAFSequencingActivityResult" time="10.777" classname="biocept.qa.testcases.MolecularWorkflow"/>
  <testcase name="KRASSequencingActivityTitle" time="18.789" classname="biocept.qa.testcases.MolecularWorkflow"/>
  <testcase name="KRASSequencingActivityResult" time="8.992" classname="biocept.qa.testcases.MolecularWorkflow"/>
  <testcase name="BRAFPIActivityTitle" time="9.731" classname="biocept.qa.testcases.MolecularWorkflow"/>
  <testcase name="BRAFPIActivityResult" time="7.795" classname="biocept.qa.testcases.MolecularWorkflow"/>
  <testcase name="BRAFReportSignoff" time="33.099" classname="biocept.qa.testcases.MolecularWorkflow"/>
  <testcase name="KRASPIActivityTitle" time="4.937" classname="biocept.qa.testcases.MolecularWorkflow"/>
  <testcase name="KRASPIActivityResult" time="6.831" classname="biocept.qa.testcases.MolecularWorkflow"/>
  <testcase name="KRASReportSignoff" time="49.469" classname="biocept.qa.testcases.MolecularWorkflow"/>
</testsuite> <!-- Nolecular Workflow -->
